// classList vs className
undefined
const div = document.createElement('div');
undefined
div.className='a';
'a'
div.className ='b';
'b'
div.classList;
DOMTokenList ['b', value: 'b']
div.className;
'b'
div.classList.add('a');
undefined
div.classList.add('d');
undefined
div.classList
DOMTokenList(3) ['b', 'a', 'd', value: 'b a d']
div.classList.remove('b');
undefined
div.classList;
DOMTokenList(2) ['a', 'd', value: 'a d']
div.classList.toggle('w');
true
div.classList;
DOMTokenList(3) ['a', 'd', 'w', value: 'a d w']
div.classList.toggle('w');
false
div.classList;
DOMTokenList(2) ['a', 'd', value: 'a d']
div.classList.contains('a');
true
div.classList.contains('y');
false
